Build started 14/2/2016 4:16:19 PM.
     1>Project "C:\Users\john\Desktop\SP4\Base\Base.vcxproj" on node 2 (Build target(s)).
     1>ClCompile:
         C:\Program Files (x86)\Microsoft Visual Studio 12.0\VC\bin\CL.exe /c /IC:\Users\john\Desktop\SP4\/Common/Source /IC:\Users\john\Desktop\SP4\/glew/include /IC:\Users\john\Desktop\SP4\/glfw/include /IC:\Users\john\Desktop\SP4\/lua /Zi /nologo /W3 /WX- /O2 /Oi /Oy- /GL /D _VARIADIC_MAX=10 /D WIN32 /D NDEBUG /D _CONSOLE /D _UNICODE /D UNICODE /Gm- /EHsc /MD /GS /Gy /fp:precise /Zc:wchar_t /Zc:forScope /Fo"Release\\" /Fd"Release\vc120.pdb" /Gd /TP /analyze- /errorReport:prompt Source\Application.cpp Source\Camera.cpp Source\Camera3.cpp Source\PlayInfo3PV.cpp Source\SceneManager.cpp Source\SceneMenu.cpp Source\SceneOptions.cpp Source\ScenePlay.cpp Source\SceneSplash.cpp Source\States\MenuState.cpp Source\States\OptionsState.cpp Source\States\PlayState.cpp Source\States\SplashState.cpp Source\main.cpp
         Application.cpp
         Camera.cpp
         Camera3.cpp
         PlayInfo3PV.cpp
     1>Source\PlayInfo3PV.cpp(314): warning C4244: '=' : conversion from 'const int' to 'float', possible loss of data
     1>Source\PlayInfo3PV.cpp(318): warning C4244: '=' : conversion from 'const int' to 'float', possible loss of data
     1>Source\PlayInfo3PV.cpp(322): warning C4244: '=' : conversion from 'const int' to 'float', possible loss of data
     1>Source\PlayInfo3PV.cpp(324): warning C4244: '=' : conversion from 'const int' to 'float', possible loss of data
     1>Source\PlayInfo3PV.cpp(344): warning C4244: 'argument' : conversion from 'double' to 'const float', possible loss of data
     1>Source\PlayInfo3PV.cpp(352): warning C4244: 'argument' : conversion from 'double' to 'const float', possible loss of data
     1>Source\PlayInfo3PV.cpp(360): warning C4244: 'argument' : conversion from 'double' to 'const float', possible loss of data
     1>Source\PlayInfo3PV.cpp(368): warning C4244: 'argument' : conversion from 'double' to 'const float', possible loss of data
     1>Source\PlayInfo3PV.cpp(422): warning C4244: '-=' : conversion from 'double' to 'float', possible loss of data
     1>Source\PlayInfo3PV.cpp(428): warning C4244: '-=' : conversion from 'double' to 'float', possible loss of data
         SceneManager.cpp
         SceneMenu.cpp
         SceneOptions.cpp
         ScenePlay.cpp
         SceneSplash.cpp
         MenuState.cpp
         OptionsState.cpp
         PlayState.cpp
     1>Source\States\PlayState.cpp(123): warning C4805: '==' : unsafe mix of type 'const int' and type 'bool' in operation
     1>Source\States\PlayState.cpp(125): warning C4805: '==' : unsafe mix of type 'const int' and type 'bool' in operation
         SplashState.cpp
         main.cpp
       Link:
         C:\Program Files (x86)\Microsoft Visual Studio 12.0\VC\bin\link.exe /ERRORREPORT:PROMPT /OUT:"C:\Users\john\Desktop\SP4\Release\Base.exe" /INCREMENTAL:NO /NOLOGO /LIBPATH:C:\Users\john\Desktop\SP4\Release /LIBPATH:"C:\Users\john\Desktop\SP4\/glfw/lib-msvc100" /LIBPATH:C:\Users\john\Desktop\SP4\/glew/lib /LIBPATH:C:\Users\john\Desktop\SP4\/lua Common.lib winmm.lib opengl32.lib glu32.lib glew32.lib glfw3.lib lua5.1.lib kernel32.lib user32.lib gdi32.lib winspool.lib comdlg32.lib advapi32.lib shell32.lib ole32.lib oleaut32.lib uuid.lib odbc32.lib odbccp32.lib /MANIFEST /MANIFESTUAC:"level='asInvoker' uiAccess='false'" /manifest:embed /DEBUG /PDB:"C:\Users\john\Desktop\SP4\Release\Base.pdb" /SUBSYSTEM:CONSOLE /OPT:REF /OPT:ICF /LTCG /TLBID:1 /DYNAMICBASE /NXCOMPAT /IMPLIB:"C:\Users\john\Desktop\SP4\Release\Base.lib" /MACHINE:X86 /SAFESEH Release\Application.obj
         Release\Camera.obj
         Release\Camera3.obj
         Release\GameObject.obj
         Release\LoadOBJ.obj
         Release\LoadTGA.obj
         Release\main.obj
         Release\Map.obj
         Release\Mesh.obj
         Release\MeshBuilder.obj
         Release\PlayInfo3PV.obj
         Release\SceneManager.obj
         Release\SceneMenu.obj
         Release\SceneOptions.obj
         Release\ScenePlay.obj
         Release\SceneSplash.obj
         Release\shader.obj
         Release\GameStateManager.obj
         Release\MenuState.obj
         Release\OptionsState.obj
         Release\PlayState.obj
         Release\SplashState.obj
         Release\Utility.obj
         Generating code
         Finished generating code
         Base.vcxproj -> C:\Users\john\Desktop\SP4\Release\Base.exe
     1>Done Building Project "C:\Users\john\Desktop\SP4\Base\Base.vcxproj" (Build target(s)).

Build succeeded.

Time Elapsed 00:00:08.96
