D:\MY DOCUMENTS\2015_2016_SEM2\DM2240 AGDEV\TEACHING MATERIALS\WEEK_07\PRACTICAL\DM2240_WEEK_07\COMMON\DEBUG\MATHUTILITY.OBJ
D:\MY DOCUMENTS\2015_2016_SEM2\DM2240 AGDEV\TEACHING MATERIALS\WEEK_07\PRACTICAL\DM2240_WEEK_07\COMMON\DEBUG\MATRIXSTACK.OBJ
D:\MY DOCUMENTS\2015_2016_SEM2\DM2240 AGDEV\TEACHING MATERIALS\WEEK_07\PRACTICAL\DM2240_WEEK_07\COMMON\DEBUG\MTX44.OBJ
D:\MY DOCUMENTS\2015_2016_SEM2\DM2240 AGDEV\TEACHING MATERIALS\WEEK_07\PRACTICAL\DM2240_WEEK_07\COMMON\DEBUG\TIMER.OBJ
D:\MY DOCUMENTS\2015_2016_SEM2\DM2240 AGDEV\TEACHING MATERIALS\WEEK_07\PRACTICAL\DM2240_WEEK_07\COMMON\DEBUG\VC100.PDB
D:\MY DOCUMENTS\2015_2016_SEM2\DM2240 AGDEV\TEACHING MATERIALS\WEEK_07\PRACTICAL\DM2240_WEEK_07\COMMON\DEBUG\VECTOR2.OBJ
D:\MY DOCUMENTS\2015_2016_SEM2\DM2240 AGDEV\TEACHING MATERIALS\WEEK_07\PRACTICAL\DM2240_WEEK_07\COMMON\DEBUG\VECTOR3.OBJ
D:\MY DOCUMENTS\2015_2016_SEM2\DM2240 AGDEV\TEACHING MATERIALS\WEEK_07\PRACTICAL\DM2240_WEEK_07\DEBUG\COMMON.LIB
D:\My Documents\2015_2016_SEM2\DM2240 AGDev\Teaching Materials\Week_08\Practical\DM2240_Week_08\Common\Debug\cl.command.1.tlog
D:\My Documents\2015_2016_SEM2\DM2240 AGDev\Teaching Materials\Week_08\Practical\DM2240_Week_08\Common\Debug\CL.read.1.tlog
D:\My Documents\2015_2016_SEM2\DM2240 AGDev\Teaching Materials\Week_08\Practical\DM2240_Week_08\Common\Debug\CL.write.1.tlog
D:\My Documents\2015_2016_SEM2\DM2240 AGDev\Teaching Materials\Week_08\Practical\DM2240_Week_08\Common\Debug\Common.vcxprojResolveAssemblyReference.cache
D:\My Documents\2015_2016_SEM2\DM2240 AGDev\Teaching Materials\Week_08\Practical\DM2240_Week_08\Common\Debug\Common.write.1.tlog
D:\My Documents\2015_2016_SEM2\DM2240 AGDev\Teaching Materials\Week_08\Practical\DM2240_Week_08\Common\Debug\lib.command.1.tlog
D:\My Documents\2015_2016_SEM2\DM2240 AGDev\Teaching Materials\Week_08\Practical\DM2240_Week_08\Common\Debug\Lib-link.read.1.tlog
D:\My Documents\2015_2016_SEM2\DM2240 AGDev\Teaching Materials\Week_08\Practical\DM2240_Week_08\Common\Debug\Lib-link.write.1.tlog
D:\MY DOCUMENTS\2015_2016_SEM2\DM2240 AGDEV\TEACHING MATERIALS\WEEK_08\PRACTICAL\DM2240_WEEK_08\COMMON\DEBUG\MATHUTILITY.OBJ
D:\MY DOCUMENTS\2015_2016_SEM2\DM2240 AGDEV\TEACHING MATERIALS\WEEK_08\PRACTICAL\DM2240_WEEK_08\COMMON\DEBUG\MATRIXSTACK.OBJ
D:\MY DOCUMENTS\2015_2016_SEM2\DM2240 AGDEV\TEACHING MATERIALS\WEEK_08\PRACTICAL\DM2240_WEEK_08\COMMON\DEBUG\MTX44.OBJ
D:\MY DOCUMENTS\2015_2016_SEM2\DM2240 AGDEV\TEACHING MATERIALS\WEEK_08\PRACTICAL\DM2240_WEEK_08\COMMON\DEBUG\TIMER.OBJ
D:\My Documents\2015_2016_SEM2\DM2240 AGDev\Teaching Materials\Week_08\Practical\DM2240_Week_08\Common\Debug\vc100.idb
D:\MY DOCUMENTS\2015_2016_SEM2\DM2240 AGDEV\TEACHING MATERIALS\WEEK_08\PRACTICAL\DM2240_WEEK_08\COMMON\DEBUG\VC100.PDB
D:\MY DOCUMENTS\2015_2016_SEM2\DM2240 AGDEV\TEACHING MATERIALS\WEEK_08\PRACTICAL\DM2240_WEEK_08\COMMON\DEBUG\VECTOR2.OBJ
D:\MY DOCUMENTS\2015_2016_SEM2\DM2240 AGDEV\TEACHING MATERIALS\WEEK_08\PRACTICAL\DM2240_WEEK_08\COMMON\DEBUG\VECTOR3.OBJ
D:\MY DOCUMENTS\2015_2016_SEM2\DM2240 AGDEV\TEACHING MATERIALS\WEEK_08\PRACTICAL\DM2240_WEEK_08\DEBUG\COMMON.LIB
