Build started 16/2/2016 5:20:46 PM.
     1>Project "C:\Users\vincent's\Desktop\SP4\SP4\Base\Base.vcxproj" on node 2 (Build target(s)).
     1>ClCompile:
         C:\Program Files (x86)\Microsoft Visual Studio 12.0\VC\bin\CL.exe /c /I"C:\Users\vincent's\Desktop\SP4\SP4\/Common/Source" /I"C:\Users\vincent's\Desktop\SP4\SP4\/glew/include" /I"C:\Users\vincent's\Desktop\SP4\SP4\/glfw/include" /I"C:\Users\vincent's\Desktop\SP4\SP4\/lua" /ZI /nologo /W3 /WX- /Od /Oy- /D _VARIADIC_MAX=10 /D WIN32 /D _DEBUG /D _CONSOLE /D _UNICODE /D UNICODE /Gm /EHsc /RTC1 /MDd /GS /fp:precise /Zc:wchar_t /Zc:forScope /Fo"Debug\\" /Fd"Debug\vc120.pdb" /Gd /TP /analyze- /errorReport:prompt "..\..\..\..\..\vincent's\Desktop\SP4\SP4\Base\Source\CsoundManager.cpp" Source\Application.cpp Source\Camera.cpp Source\Camera3.cpp Source\Level.cpp Source\PlayInfo3PV.cpp Source\Player\Player.cpp Source\SceneManager.cpp Source\SceneMenu.cpp Source\SceneOptions.cpp Source\ScenePlay.cpp Source\SceneSplash.cpp Source\States\MenuState.cpp Source\States\OptionsState.cpp Source\States\PlayState.cpp Source\States\SplashState.cpp Source\Tiledata.cpp Source\Tileinfo.cpp Source\Tilemap.cpp Source\main.cpp
         main.cpp
         Tilemap.cpp
     1>c:\users\vincent's\desktop\sp4\sp4\base\source\tilemap.cpp(22): warning C4244: '=' : conversion from 'float' to 'int', possible loss of data
         Tiledata.cpp
         SplashState.cpp
         PlayState.cpp
     1>c:\users\vincent's\desktop\sp4\sp4\base\source\states\playstate.cpp(111): warning C4805: '==' : unsafe mix of type 'const int' and type 'bool' in operation
     1>c:\users\vincent's\desktop\sp4\sp4\base\source\states\playstate.cpp(113): warning C4805: '==' : unsafe mix of type 'const int' and type 'bool' in operation
         OptionsState.cpp
         MenuState.cpp
         SceneSplash.cpp
         ScenePlay.cpp
     1>c:\users\vincent's\desktop\sp4\sp4\base\source\sceneplay.cpp(137): warning C4244: 'argument' : conversion from 'int' to 'float', possible loss of data
     1>c:\users\vincent's\desktop\sp4\sp4\base\source\sceneplay.cpp(184): warning C4244: 'argument' : conversion from 'int' to 'float', possible loss of data
     1>c:\users\vincent's\desktop\sp4\sp4\base\source\sceneplay.cpp(185): warning C4244: 'argument' : conversion from 'int' to 'float', possible loss of data
         SceneOptions.cpp
         SceneMenu.cpp
     1>c:\users\vincent's\desktop\sp4\sp4\base\source\scenemenu.cpp(45): warning C4244: 'argument' : conversion from 'int' to 'float', possible loss of data
     1>c:\users\vincent's\desktop\sp4\sp4\base\source\scenemenu.cpp(90): warning C4244: '=' : conversion from 'double' to 'float', possible loss of data
     1>c:\users\vincent's\desktop\sp4\sp4\base\source\scenemenu.cpp(91): warning C4244: '=' : conversion from 'double' to 'float', possible loss of data
     1>c:\users\vincent's\desktop\sp4\sp4\base\source\scenemenu.cpp(168): warning C4244: 'argument' : conversion from 'double' to 'float', possible loss of data
     1>c:\users\vincent's\desktop\sp4\sp4\base\source\scenemenu.cpp(172): warning C4244: 'argument' : conversion from 'double' to 'float', possible loss of data
     1>c:\users\vincent's\desktop\sp4\sp4\base\source\scenemenu.cpp(176): warning C4244: 'argument' : conversion from 'double' to 'float', possible loss of data
     1>c:\users\vincent's\desktop\sp4\sp4\base\source\scenemenu.cpp(180): warning C4244: 'argument' : conversion from 'double' to 'float', possible loss of data
         SceneManager.cpp
         Player.cpp
         PlayInfo3PV.cpp
         Camera3.cpp
         Camera.cpp
         Application.cpp
         CsoundManager.cpp
         Generating Code...
         Compiling...
         Tileinfo.cpp
         Level.cpp
         Generating Code...
       Link:
         C:\Program Files (x86)\Microsoft Visual Studio 12.0\VC\bin\link.exe /ERRORREPORT:PROMPT /OUT:"C:\Users\vincent's\Desktop\SP4\SP4\Debug\Base.exe" /INCREMENTAL:NO /NOLOGO /LIBPATH:"C:\Users\vincent's\Desktop\SP4\SP4\Debug" /LIBPATH:"C:\Users\vincent's\Desktop\SP4\SP4\/glfw/lib-msvc100" /LIBPATH:"C:\Users\vincent's\Desktop\SP4\SP4\/glew/lib" /LIBPATH:"C:\Users\vincent's\Desktop\SP4\SP4\/lua" Common.lib winmm.lib opengl32.lib glu32.lib glew32.lib glfw3.lib lua5.1.lib kernel32.lib user32.lib gdi32.lib winspool.lib comdlg32.lib advapi32.lib shell32.lib ole32.lib oleaut32.lib uuid.lib odbc32.lib odbccp32.lib /MANIFEST /MANIFESTUAC:"level='asInvoker' uiAccess='false'" /manifest:embed /DEBUG /PDB:"C:\Users\vincent's\Desktop\SP4\SP4\Debug\Base.pdb" /SUBSYSTEM:CONSOLE /TLBID:1 /DYNAMICBASE /NXCOMPAT /IMPLIB:"C:\Users\vincent's\Desktop\SP4\SP4\Debug\Base.lib" /MACHINE:X86 Debug\CsoundManager.obj
         Debug\Application.obj
         Debug\Camera.obj
         Debug\Camera3.obj
         Debug\SpriteAnimation.obj
         Debug\Level.obj
         Debug\LoadOBJ.obj
         Debug\LoadTGA.obj
         Debug\LuaScript.obj
         Debug\main.obj
         Debug\Tiledata.obj
         Debug\Tileinfo.obj
         Debug\Tilemap.obj
         Debug\Mesh.obj
         Debug\MeshBuilder.obj
         Debug\Player.obj
         Debug\PlayInfo3PV.obj
         Debug\SceneManager.obj
         Debug\SceneMenu.obj
         Debug\SceneOptions.obj
         Debug\ScenePlay.obj
         Debug\SceneSplash.obj
         Debug\shader.obj
         Debug\GameStateManager.obj
         Debug\MenuState.obj
         Debug\OptionsState.obj
         Debug\PlayState.obj
         Debug\SplashState.obj
         Debug\Utility.obj
     1>CsoundManager.obj : warning LNK4075: ignoring '/EDITANDCONTINUE' due to '/OPT:LBR' specification
     1>LINK : warning LNK4098: defaultlib 'MSVCRT' conflicts with use of other libs; use /NODEFAULTLIB:library
         Base.vcxproj -> C:\Users\vincent's\Desktop\SP4\SP4\Debug\Base.exe
     1>Done Building Project "C:\Users\vincent's\Desktop\SP4\SP4\Base\Base.vcxproj" (Build target(s)).

Build succeeded.

Time Elapsed 00:00:14.18
