D:\MY DOCUMENTS\2015_2016_SEM2\DM2240 AGDEV\TEACHING MATERIALS\WEEK_07\PRACTICAL\DM2240_WEEK_07\BASE\DEBUG\APPLICATION.OBJ
D:\MY DOCUMENTS\2015_2016_SEM2\DM2240 AGDEV\TEACHING MATERIALS\WEEK_07\PRACTICAL\DM2240_WEEK_07\BASE\DEBUG\BASE.EXE.INTERMEDIATE.MANIFEST
D:\MY DOCUMENTS\2015_2016_SEM2\DM2240 AGDEV\TEACHING MATERIALS\WEEK_07\PRACTICAL\DM2240_WEEK_07\BASE\DEBUG\CAMERA.OBJ
D:\MY DOCUMENTS\2015_2016_SEM2\DM2240 AGDEV\TEACHING MATERIALS\WEEK_07\PRACTICAL\DM2240_WEEK_07\BASE\DEBUG\CAMERA3.OBJ
D:\MY DOCUMENTS\2015_2016_SEM2\DM2240 AGDEV\TEACHING MATERIALS\WEEK_07\PRACTICAL\DM2240_WEEK_07\BASE\DEBUG\ENEMY.OBJ
D:\MY DOCUMENTS\2015_2016_SEM2\DM2240 AGDEV\TEACHING MATERIALS\WEEK_07\PRACTICAL\DM2240_WEEK_07\BASE\DEBUG\GAMESTATEMANAGER.OBJ
D:\MY DOCUMENTS\2015_2016_SEM2\DM2240 AGDEV\TEACHING MATERIALS\WEEK_07\PRACTICAL\DM2240_WEEK_07\BASE\DEBUG\GOODIES.OBJ
D:\MY DOCUMENTS\2015_2016_SEM2\DM2240 AGDEV\TEACHING MATERIALS\WEEK_07\PRACTICAL\DM2240_WEEK_07\BASE\DEBUG\GOODIESFACTORY.OBJ
D:\MY DOCUMENTS\2015_2016_SEM2\DM2240 AGDEV\TEACHING MATERIALS\WEEK_07\PRACTICAL\DM2240_WEEK_07\BASE\DEBUG\GRID.OBJ
D:\MY DOCUMENTS\2015_2016_SEM2\DM2240 AGDEV\TEACHING MATERIALS\WEEK_07\PRACTICAL\DM2240_WEEK_07\BASE\DEBUG\INTROSTATE.OBJ
D:\MY DOCUMENTS\2015_2016_SEM2\DM2240 AGDEV\TEACHING MATERIALS\WEEK_07\PRACTICAL\DM2240_WEEK_07\BASE\DEBUG\LOADOBJ.OBJ
D:\MY DOCUMENTS\2015_2016_SEM2\DM2240 AGDEV\TEACHING MATERIALS\WEEK_07\PRACTICAL\DM2240_WEEK_07\BASE\DEBUG\LOADTGA.OBJ
D:\MY DOCUMENTS\2015_2016_SEM2\DM2240 AGDEV\TEACHING MATERIALS\WEEK_07\PRACTICAL\DM2240_WEEK_07\BASE\DEBUG\MAIN.OBJ
D:\MY DOCUMENTS\2015_2016_SEM2\DM2240 AGDEV\TEACHING MATERIALS\WEEK_07\PRACTICAL\DM2240_WEEK_07\BASE\DEBUG\MAP.OBJ
D:\MY DOCUMENTS\2015_2016_SEM2\DM2240 AGDEV\TEACHING MATERIALS\WEEK_07\PRACTICAL\DM2240_WEEK_07\BASE\DEBUG\MENUSTATE.OBJ
D:\MY DOCUMENTS\2015_2016_SEM2\DM2240 AGDEV\TEACHING MATERIALS\WEEK_07\PRACTICAL\DM2240_WEEK_07\BASE\DEBUG\MESH.OBJ
D:\MY DOCUMENTS\2015_2016_SEM2\DM2240 AGDEV\TEACHING MATERIALS\WEEK_07\PRACTICAL\DM2240_WEEK_07\BASE\DEBUG\MESHBUILDER.OBJ
D:\MY DOCUMENTS\2015_2016_SEM2\DM2240 AGDEV\TEACHING MATERIALS\WEEK_07\PRACTICAL\DM2240_WEEK_07\BASE\DEBUG\MINIMAP.OBJ
D:\MY DOCUMENTS\2015_2016_SEM2\DM2240 AGDEV\TEACHING MATERIALS\WEEK_07\PRACTICAL\DM2240_WEEK_07\BASE\DEBUG\MODEL.OBJ
D:\MY DOCUMENTS\2015_2016_SEM2\DM2240 AGDEV\TEACHING MATERIALS\WEEK_07\PRACTICAL\DM2240_WEEK_07\BASE\DEBUG\NODE.OBJ
D:\MY DOCUMENTS\2015_2016_SEM2\DM2240 AGDEV\TEACHING MATERIALS\WEEK_07\PRACTICAL\DM2240_WEEK_07\BASE\DEBUG\OCCLUSION.OBJ
D:\MY DOCUMENTS\2015_2016_SEM2\DM2240 AGDEV\TEACHING MATERIALS\WEEK_07\PRACTICAL\DM2240_WEEK_07\BASE\DEBUG\PLAYERINFO.OBJ
D:\MY DOCUMENTS\2015_2016_SEM2\DM2240 AGDEV\TEACHING MATERIALS\WEEK_07\PRACTICAL\DM2240_WEEK_07\BASE\DEBUG\PLAYINFO3PV.OBJ
D:\MY DOCUMENTS\2015_2016_SEM2\DM2240 AGDEV\TEACHING MATERIALS\WEEK_07\PRACTICAL\DM2240_WEEK_07\BASE\DEBUG\PLAYSTATE.OBJ
D:\MY DOCUMENTS\2015_2016_SEM2\DM2240 AGDEV\TEACHING MATERIALS\WEEK_07\PRACTICAL\DM2240_WEEK_07\BASE\DEBUG\PROJECTILE.OBJ
D:\MY DOCUMENTS\2015_2016_SEM2\DM2240 AGDEV\TEACHING MATERIALS\WEEK_07\PRACTICAL\DM2240_WEEK_07\BASE\DEBUG\PROJECTILEMANAGER.OBJ
D:\MY DOCUMENTS\2015_2016_SEM2\DM2240 AGDEV\TEACHING MATERIALS\WEEK_07\PRACTICAL\DM2240_WEEK_07\BASE\DEBUG\SCENEMANAGER.OBJ
D:\MY DOCUMENTS\2015_2016_SEM2\DM2240 AGDEV\TEACHING MATERIALS\WEEK_07\PRACTICAL\DM2240_WEEK_07\BASE\DEBUG\SCENEMANAGER2D.OBJ
D:\MY DOCUMENTS\2015_2016_SEM2\DM2240 AGDEV\TEACHING MATERIALS\WEEK_07\PRACTICAL\DM2240_WEEK_07\BASE\DEBUG\SCENENODE.OBJ
D:\MY DOCUMENTS\2015_2016_SEM2\DM2240 AGDEV\TEACHING MATERIALS\WEEK_07\PRACTICAL\DM2240_WEEK_07\BASE\DEBUG\SHADER.OBJ
D:\MY DOCUMENTS\2015_2016_SEM2\DM2240 AGDEV\TEACHING MATERIALS\WEEK_07\PRACTICAL\DM2240_WEEK_07\BASE\DEBUG\SPATIALPARTITION.OBJ
D:\MY DOCUMENTS\2015_2016_SEM2\DM2240 AGDEV\TEACHING MATERIALS\WEEK_07\PRACTICAL\DM2240_WEEK_07\BASE\DEBUG\STRATEGY.OBJ
D:\MY DOCUMENTS\2015_2016_SEM2\DM2240 AGDEV\TEACHING MATERIALS\WEEK_07\PRACTICAL\DM2240_WEEK_07\BASE\DEBUG\STRATEGY_KILL.OBJ
D:\MY DOCUMENTS\2015_2016_SEM2\DM2240 AGDEV\TEACHING MATERIALS\WEEK_07\PRACTICAL\DM2240_WEEK_07\BASE\DEBUG\TRANSFORM.OBJ
D:\MY DOCUMENTS\2015_2016_SEM2\DM2240 AGDEV\TEACHING MATERIALS\WEEK_07\PRACTICAL\DM2240_WEEK_07\BASE\DEBUG\TREASURECHEST.OBJ
D:\MY DOCUMENTS\2015_2016_SEM2\DM2240 AGDEV\TEACHING MATERIALS\WEEK_07\PRACTICAL\DM2240_WEEK_07\BASE\DEBUG\UTILITY.OBJ
D:\MY DOCUMENTS\2015_2016_SEM2\DM2240 AGDEV\TEACHING MATERIALS\WEEK_07\PRACTICAL\DM2240_WEEK_07\BASE\DEBUG\VC100.PDB
D:\MY DOCUMENTS\2015_2016_SEM2\DM2240 AGDEV\TEACHING MATERIALS\WEEK_07\PRACTICAL\DM2240_WEEK_07\DEBUG\BASE.EXE
D:\MY DOCUMENTS\2015_2016_SEM2\DM2240 AGDEV\TEACHING MATERIALS\WEEK_07\PRACTICAL\DM2240_WEEK_07\DEBUG\BASE.PDB
D:\MY DOCUMENTS\2015_2016_SEM2\DM2240 AGDEV\TEACHING MATERIALS\WEEK_08\PRACTICAL\DM2240_WEEK_08\BASE\DEBUG\APPLICATION.OBJ
D:\MY DOCUMENTS\2015_2016_SEM2\DM2240 AGDEV\TEACHING MATERIALS\WEEK_08\PRACTICAL\DM2240_WEEK_08\BASE\DEBUG\BASE.EXE.INTERMEDIATE.MANIFEST
D:\My Documents\2015_2016_SEM2\DM2240 AGDev\Teaching Materials\Week_08\Practical\DM2240_Week_08\Base\Debug\Base.vcxprojResolveAssemblyReference.cache
D:\My Documents\2015_2016_SEM2\DM2240 AGDev\Teaching Materials\Week_08\Practical\DM2240_Week_08\Base\Debug\Base.write.1.tlog
D:\MY DOCUMENTS\2015_2016_SEM2\DM2240 AGDEV\TEACHING MATERIALS\WEEK_08\PRACTICAL\DM2240_WEEK_08\BASE\DEBUG\CAMERA.OBJ
D:\MY DOCUMENTS\2015_2016_SEM2\DM2240 AGDEV\TEACHING MATERIALS\WEEK_08\PRACTICAL\DM2240_WEEK_08\BASE\DEBUG\CAMERA3.OBJ
D:\My Documents\2015_2016_SEM2\DM2240 AGDev\Teaching Materials\Week_08\Practical\DM2240_Week_08\Base\Debug\cl.command.1.tlog
D:\My Documents\2015_2016_SEM2\DM2240 AGDev\Teaching Materials\Week_08\Practical\DM2240_Week_08\Base\Debug\CL.read.1.tlog
D:\My Documents\2015_2016_SEM2\DM2240 AGDev\Teaching Materials\Week_08\Practical\DM2240_Week_08\Base\Debug\CL.write.1.tlog
D:\MY DOCUMENTS\2015_2016_SEM2\DM2240 AGDEV\TEACHING MATERIALS\WEEK_08\PRACTICAL\DM2240_WEEK_08\BASE\DEBUG\ENEMY.OBJ
D:\MY DOCUMENTS\2015_2016_SEM2\DM2240 AGDEV\TEACHING MATERIALS\WEEK_08\PRACTICAL\DM2240_WEEK_08\BASE\DEBUG\GAMESTATEMANAGER.OBJ
D:\MY DOCUMENTS\2015_2016_SEM2\DM2240 AGDEV\TEACHING MATERIALS\WEEK_08\PRACTICAL\DM2240_WEEK_08\BASE\DEBUG\GOODIES.OBJ
D:\MY DOCUMENTS\2015_2016_SEM2\DM2240 AGDEV\TEACHING MATERIALS\WEEK_08\PRACTICAL\DM2240_WEEK_08\BASE\DEBUG\GOODIESFACTORY.OBJ
D:\MY DOCUMENTS\2015_2016_SEM2\DM2240 AGDEV\TEACHING MATERIALS\WEEK_08\PRACTICAL\DM2240_WEEK_08\BASE\DEBUG\GRID.OBJ
D:\MY DOCUMENTS\2015_2016_SEM2\DM2240 AGDEV\TEACHING MATERIALS\WEEK_08\PRACTICAL\DM2240_WEEK_08\BASE\DEBUG\INTROSTATE.OBJ
D:\My Documents\2015_2016_SEM2\DM2240 AGDev\Teaching Materials\Week_08\Practical\DM2240_Week_08\Base\Debug\link.command.1.tlog
D:\My Documents\2015_2016_SEM2\DM2240 AGDev\Teaching Materials\Week_08\Practical\DM2240_Week_08\Base\Debug\link.read.1.tlog
D:\My Documents\2015_2016_SEM2\DM2240 AGDev\Teaching Materials\Week_08\Practical\DM2240_Week_08\Base\Debug\link.write.1.tlog
D:\MY DOCUMENTS\2015_2016_SEM2\DM2240 AGDEV\TEACHING MATERIALS\WEEK_08\PRACTICAL\DM2240_WEEK_08\BASE\DEBUG\LOADOBJ.OBJ
D:\MY DOCUMENTS\2015_2016_SEM2\DM2240 AGDEV\TEACHING MATERIALS\WEEK_08\PRACTICAL\DM2240_WEEK_08\BASE\DEBUG\LOADTGA.OBJ
D:\MY DOCUMENTS\2015_2016_SEM2\DM2240 AGDEV\TEACHING MATERIALS\WEEK_08\PRACTICAL\DM2240_WEEK_08\BASE\DEBUG\MAIN.OBJ
D:\MY DOCUMENTS\2015_2016_SEM2\DM2240 AGDEV\TEACHING MATERIALS\WEEK_08\PRACTICAL\DM2240_WEEK_08\BASE\DEBUG\MAP.OBJ
D:\MY DOCUMENTS\2015_2016_SEM2\DM2240 AGDEV\TEACHING MATERIALS\WEEK_08\PRACTICAL\DM2240_WEEK_08\BASE\DEBUG\MENUSTATE.OBJ
D:\MY DOCUMENTS\2015_2016_SEM2\DM2240 AGDEV\TEACHING MATERIALS\WEEK_08\PRACTICAL\DM2240_WEEK_08\BASE\DEBUG\MESH.OBJ
D:\MY DOCUMENTS\2015_2016_SEM2\DM2240 AGDEV\TEACHING MATERIALS\WEEK_08\PRACTICAL\DM2240_WEEK_08\BASE\DEBUG\MESHBUILDER.OBJ
D:\MY DOCUMENTS\2015_2016_SEM2\DM2240 AGDEV\TEACHING MATERIALS\WEEK_08\PRACTICAL\DM2240_WEEK_08\BASE\DEBUG\MINIMAP.OBJ
D:\MY DOCUMENTS\2015_2016_SEM2\DM2240 AGDEV\TEACHING MATERIALS\WEEK_08\PRACTICAL\DM2240_WEEK_08\BASE\DEBUG\MODEL.OBJ
D:\My Documents\2015_2016_SEM2\DM2240 AGDev\Teaching Materials\Week_08\Practical\DM2240_Week_08\Base\Debug\mt.command.1.tlog
D:\My Documents\2015_2016_SEM2\DM2240 AGDev\Teaching Materials\Week_08\Practical\DM2240_Week_08\Base\Debug\mt.read.1.tlog
D:\My Documents\2015_2016_SEM2\DM2240 AGDev\Teaching Materials\Week_08\Practical\DM2240_Week_08\Base\Debug\mt.write.1.tlog
D:\MY DOCUMENTS\2015_2016_SEM2\DM2240 AGDEV\TEACHING MATERIALS\WEEK_08\PRACTICAL\DM2240_WEEK_08\BASE\DEBUG\NODE.OBJ
D:\MY DOCUMENTS\2015_2016_SEM2\DM2240 AGDEV\TEACHING MATERIALS\WEEK_08\PRACTICAL\DM2240_WEEK_08\BASE\DEBUG\OCCLUSION.OBJ
D:\MY DOCUMENTS\2015_2016_SEM2\DM2240 AGDEV\TEACHING MATERIALS\WEEK_08\PRACTICAL\DM2240_WEEK_08\BASE\DEBUG\PLAYERINFO.OBJ
D:\MY DOCUMENTS\2015_2016_SEM2\DM2240 AGDEV\TEACHING MATERIALS\WEEK_08\PRACTICAL\DM2240_WEEK_08\BASE\DEBUG\PLAYINFO3PV.OBJ
D:\MY DOCUMENTS\2015_2016_SEM2\DM2240 AGDEV\TEACHING MATERIALS\WEEK_08\PRACTICAL\DM2240_WEEK_08\BASE\DEBUG\PLAYSTATE.OBJ
D:\MY DOCUMENTS\2015_2016_SEM2\DM2240 AGDEV\TEACHING MATERIALS\WEEK_08\PRACTICAL\DM2240_WEEK_08\BASE\DEBUG\PROJECTILE.OBJ
D:\MY DOCUMENTS\2015_2016_SEM2\DM2240 AGDEV\TEACHING MATERIALS\WEEK_08\PRACTICAL\DM2240_WEEK_08\BASE\DEBUG\PROJECTILEMANAGER.OBJ
D:\MY DOCUMENTS\2015_2016_SEM2\DM2240 AGDEV\TEACHING MATERIALS\WEEK_08\PRACTICAL\DM2240_WEEK_08\BASE\DEBUG\SCENEMANAGER.OBJ
D:\MY DOCUMENTS\2015_2016_SEM2\DM2240 AGDEV\TEACHING MATERIALS\WEEK_08\PRACTICAL\DM2240_WEEK_08\BASE\DEBUG\SCENEMANAGER2D.OBJ
D:\MY DOCUMENTS\2015_2016_SEM2\DM2240 AGDEV\TEACHING MATERIALS\WEEK_08\PRACTICAL\DM2240_WEEK_08\BASE\DEBUG\SCENENODE.OBJ
D:\MY DOCUMENTS\2015_2016_SEM2\DM2240 AGDEV\TEACHING MATERIALS\WEEK_08\PRACTICAL\DM2240_WEEK_08\BASE\DEBUG\SHADER.OBJ
D:\MY DOCUMENTS\2015_2016_SEM2\DM2240 AGDEV\TEACHING MATERIALS\WEEK_08\PRACTICAL\DM2240_WEEK_08\BASE\DEBUG\SPATIALPARTITION.OBJ
D:\MY DOCUMENTS\2015_2016_SEM2\DM2240 AGDEV\TEACHING MATERIALS\WEEK_08\PRACTICAL\DM2240_WEEK_08\BASE\DEBUG\STRATEGY.OBJ
D:\MY DOCUMENTS\2015_2016_SEM2\DM2240 AGDEV\TEACHING MATERIALS\WEEK_08\PRACTICAL\DM2240_WEEK_08\BASE\DEBUG\STRATEGY_KILL.OBJ
D:\MY DOCUMENTS\2015_2016_SEM2\DM2240 AGDEV\TEACHING MATERIALS\WEEK_08\PRACTICAL\DM2240_WEEK_08\BASE\DEBUG\TRANSFORM.OBJ
D:\MY DOCUMENTS\2015_2016_SEM2\DM2240 AGDEV\TEACHING MATERIALS\WEEK_08\PRACTICAL\DM2240_WEEK_08\BASE\DEBUG\TREASURECHEST.OBJ
D:\MY DOCUMENTS\2015_2016_SEM2\DM2240 AGDEV\TEACHING MATERIALS\WEEK_08\PRACTICAL\DM2240_WEEK_08\BASE\DEBUG\UTILITY.OBJ
D:\My Documents\2015_2016_SEM2\DM2240 AGDev\Teaching Materials\Week_08\Practical\DM2240_Week_08\Base\Debug\vc100.idb
D:\MY DOCUMENTS\2015_2016_SEM2\DM2240 AGDEV\TEACHING MATERIALS\WEEK_08\PRACTICAL\DM2240_WEEK_08\BASE\DEBUG\VC100.PDB
D:\MY DOCUMENTS\2015_2016_SEM2\DM2240 AGDEV\TEACHING MATERIALS\WEEK_08\PRACTICAL\DM2240_WEEK_08\DEBUG\BASE.EXE
D:\MY DOCUMENTS\2015_2016_SEM2\DM2240 AGDEV\TEACHING MATERIALS\WEEK_08\PRACTICAL\DM2240_WEEK_08\DEBUG\BASE.PDB
